2022-Jun-28 13:52:07 [main] INFO  c.e.d.DemoApplication                              - Starting DemoApplication using Java 14.0.2 on LAPTOP-BINH with PID 22676 (D:\Project\Java\demo\target\classes started by binhn in D:\Project\Java\demo)
}2022-Jun-28 13:52:07 [main] INFO  c.e.d.DemoApplication                              - No active profile set, falling back to 1 default profile: "default"
}2022-Jun-28 13:52:08 [main] INFO  o.s.b.w.e.t.TomcatWebServer                        - Tomcat initialized with port(s): 8888 (http)
}2022-Jun-28 13:52:08 [main] INFO  o.a.c.h.Http11NioProtocol                          - Initializing ProtocolHandler ["http-nio-8888"]
}2022-Jun-28 13:52:08 [main] INFO  o.a.c.c.StandardService                            - Starting service [Tomcat]
}2022-Jun-28 13:52:08 [main] INFO  o.a.c.c.StandardEngine                             - Starting Servlet engine: [Apache Tomcat/9.0.64]
}2022-Jun-28 13:52:09 [main] INFO  o.a.c.c.C.[.[.[/]                                  - Initializing Spring embedded WebApplicationContext
}2022-Jun-28 13:52:09 [main] INFO  o.s.b.w.s.c.ServletWebServerApplicationContext     - Root WebApplicationContext: initialization completed in 1097 ms
}2022-Jun-28 13:52:09 [main] INFO  o.a.c.h.Http11NioProtocol                          - Starting ProtocolHandler ["http-nio-8888"]
}2022-Jun-28 13:52:09 [main] INFO  o.s.b.w.e.t.TomcatWebServer                        - Tomcat started on port(s): 8888 (http) with context path ''
}2022-Jun-28 13:52:09 [main] INFO  c.e.d.DemoApplication                              - Started DemoApplication in 2.071 seconds (JVM running for 2.912)
}2022-Jun-28 13:57:11 [main] INFO  c.e.d.DemoApplication                              - Starting DemoApplication using Java 14.0.2 on LAPTOP-BINH with PID 14432 (D:\Project\Java\demo\target\classes started by binhn in D:\Project\Java\demo)
}2022-Jun-28 13:57:11 [main] INFO  c.e.d.DemoApplication                              - No active profile set, falling back to 1 default profile: "default"
}2022-Jun-28 13:57:12 [main] INFO  o.s.b.w.e.t.TomcatWebServer                        - Tomcat initialized with port(s): 8888 (http)
}2022-Jun-28 13:57:12 [main] INFO  o.a.c.h.Http11NioProtocol                          - Initializing ProtocolHandler ["http-nio-8888"]
}2022-Jun-28 13:57:12 [main] INFO  o.a.c.c.StandardService                            - Starting service [Tomcat]
}2022-Jun-28 13:57:12 [main] INFO  o.a.c.c.StandardEngine                             - Starting Servlet engine: [Apache Tomcat/9.0.64]
}2022-Jun-28 13:57:12 [main] INFO  o.a.c.c.C.[.[.[/]                                  - Initializing Spring embedded WebApplicationContext
}2022-Jun-28 13:57:12 [main] INFO  o.s.b.w.s.c.ServletWebServerApplicationContext     - Root WebApplicationContext: initialization completed in 1105 ms
}2022-Jun-28 13:57:13 [main] INFO  o.a.c.h.Http11NioProtocol                          - Starting ProtocolHandler ["http-nio-8888"]
}2022-Jun-28 13:57:13 [main] INFO  o.s.b.w.e.t.TomcatWebServer                        - Tomcat started on port(s): 8888 (http) with context path ''
}2022-Jun-28 13:57:13 [main] INFO  c.e.d.DemoApplication                              - Started DemoApplication in 2.023 seconds (JVM running for 2.819)
}2022-Jun-28 13:57:37 [http-nio-8888-exec-3] INFO  o.a.c.c.C.[.[.[/]                                  - Initializing Spring DispatcherServlet 'dispatcherServlet'
}2022-Jun-28 13:57:37 [http-nio-8888-exec-3] INFO  o.s.w.s.DispatcherServlet                          - Initializing Servlet 'dispatcherServlet'
}2022-Jun-28 13:57:37 [http-nio-8888-exec-3] INFO  o.s.w.s.DispatcherServlet                          - Completed initialization in 1 ms
}2022-Jun-28 13:57:37 [http-nio-8888-exec-3] WARN  o.s.w.s.m.s.DefaultHandlerExceptionResolver        - Resolved [org.springframework.web.bind.MissingRequestHeaderException: Required request header 'X-Api-Header' for method parameter type String is not present]
}2022-Jun-28 13:57:45 [http-nio-8888-exec-4] WARN  o.s.w.s.m.s.DefaultHandlerExceptionResolver        - Resolved [org.springframework.web.bind.MissingRequestHeaderException: Required request header 'X-Api-Header' for method parameter type String is not present]
}2022-Jun-28 14:10:04 [http-nio-8888-exec-6] INFO  LOGGER                                             - Info msg: ABC
}2022-Jun-28 14:10:41 [main] INFO  c.e.d.DemoApplication                              - Starting DemoApplication using Java 14.0.2 on LAPTOP-BINH with PID 27628 (D:\Project\Java\demo\target\classes started by binhn in D:\Project\Java\demo)
}2022-Jun-28 14:10:41 [main] INFO  c.e.d.DemoApplication                              - No active profile set, falling back to 1 default profile: "default"
}2022-Jun-28 14:10:42 [main] INFO  o.s.b.w.e.t.TomcatWebServer                        - Tomcat initialized with port(s): 8888 (http)
}2022-Jun-28 14:10:42 [main] INFO  o.a.c.h.Http11NioProtocol                          - Initializing ProtocolHandler ["http-nio-8888"]
}2022-Jun-28 14:10:42 [main] INFO  o.a.c.c.StandardService                            - Starting service [Tomcat]
}2022-Jun-28 14:10:42 [main] INFO  o.a.c.c.StandardEngine                             - Starting Servlet engine: [Apache Tomcat/9.0.64]
}2022-Jun-28 14:10:42 [main] INFO  o.a.c.c.C.[.[.[/]                                  - Initializing Spring embedded WebApplicationContext
}2022-Jun-28 14:10:42 [main] INFO  o.s.b.w.s.c.ServletWebServerApplicationContext     - Root WebApplicationContext: initialization completed in 1003 ms
}2022-Jun-28 14:10:42 [main] INFO  o.a.c.h.Http11NioProtocol                          - Starting ProtocolHandler ["http-nio-8888"]
}2022-Jun-28 14:10:42 [main] INFO  o.s.b.w.e.t.TomcatWebServer                        - Tomcat started on port(s): 8888 (http) with context path ''
}2022-Jun-28 14:10:42 [main] INFO  c.e.d.DemoApplication                              - Started DemoApplication in 1.855 seconds (JVM running for 2.967)
}2022-Jun-28 14:10:59 [http-nio-8888-exec-1] INFO  o.a.c.c.C.[.[.[/]                                  - Initializing Spring DispatcherServlet 'dispatcherServlet'
}2022-Jun-28 14:10:59 [http-nio-8888-exec-1] INFO  o.s.w.s.DispatcherServlet                          - Initializing Servlet 'dispatcherServlet'
}2022-Jun-28 14:10:59 [http-nio-8888-exec-1] INFO  o.s.w.s.DispatcherServlet                          - Completed initialization in 2 ms
}2022-Jun-28 14:11:00 [http-nio-8888-exec-1] INFO  c.e.d.LoggingController                            - Info msg: ABC
}